CommerceMobile/commerceMobile/build/intermediates/manifest_merge_blame_file/release/manifest-merger-blame-release-report.txt
1<?xml version="1.0" encoding="utf-8"?>
2<manifest xmlns:android="http://schemas.android.com/apk/res/android"
3    package="br.inf.commerce.multimobilegpa.android"
4    android:versionCode="1001001"
5    android:versionName="1.01.01" >
6
7    <uses-sdk
7-->src\main\AndroidManifest.xml:5:5-47
8        android:minSdkVersion="19"
8-->src\main\AndroidManifest.xml:5:5-47
9        android:targetSdkVersion="29" />
9-->src\main\AndroidManifest.xml:5:15-44
10    <!-- Minimo Android 4.2 Jelly Bean -->
11
12    <uses-permission android:name="android.permission.INTERNET" />
12-->src\main\AndroidManifest.xml:8:5-67
12-->src\main\AndroidManifest.xml:8:22-64
13    <uses-permission android:name="android.permission.VIBRATE" />
13-->src\main\AndroidManifest.xml:9:5-66
13-->src\main\AndroidManifest.xml:9:22-63
14    <uses-permission android:name="android.permission.ACCESS_NETWORK_STATE" />
14-->src\main\AndroidManifest.xml:10:5-79
14-->src\main\AndroidManifest.xml:10:22-76
15    <uses-permission android:name="android.permission.ACCESS_FINE_LOCATION" />
15-->src\main\AndroidManifest.xml:11:5-79
15-->src\main\AndroidManifest.xml:11:22-76
16    <uses-permission android:name="android.permission.ACCESS_COARSE_LOCATION" />
16-->src\main\AndroidManifest.xml:12:5-81
16-->src\main\AndroidManifest.xml:12:22-78
17    <uses-permission android:name="android.permission.DOWNLOAD_WITHOUT_NOTIFICATION" />
17-->src\main\AndroidManifest.xml:13:5-88
17-->src\main\AndroidManifest.xml:13:22-85
18    <uses-permission android:name="android.permission.WRITE_EXTERNAL_STORAGE" />
18-->src\main\AndroidManifest.xml:14:5-81
18-->src\main\AndroidManifest.xml:14:22-78
19    <uses-permission android:name="android.permission.READ_EXTERNAL_STORAGE" />
19-->src\main\AndroidManifest.xml:15:5-80
19-->src\main\AndroidManifest.xml:15:22-77
20    <uses-permission android:name="android.permission.RECEIVE_BOOT_COMPLETED" />
20-->src\main\AndroidManifest.xml:16:5-81
20-->src\main\AndroidManifest.xml:16:22-78
21    <uses-permission android:name="android.permission.READ_PHONE_STATE" />
21-->src\main\AndroidManifest.xml:17:5-75
21-->src\main\AndroidManifest.xml:17:22-72
22    <uses-permission android:name="android.permission.WAKE_LOCK" />
22-->src\main\AndroidManifest.xml:18:5-68
22-->src\main\AndroidManifest.xml:18:22-65
23    <uses-permission android:name="android.permission.RECORD_AUDIO" />
23-->src\main\AndroidManifest.xml:19:5-71
23-->src\main\AndroidManifest.xml:19:22-68
24
25    <application
25-->src\main\AndroidManifest.xml:21:5-91:19
26        android:name="br.inf.commerce.multimobilegpa.android.CommerceMobileApp"
26-->src\main\AndroidManifest.xml:22:9-80
27        android:allowBackup="true"
27-->src\main\AndroidManifest.xml:23:9-35
28        android:appComponentFactory="android.support.v4.app.CoreComponentFactory"
28-->[com.android.support:support-compat:28.0.0] AndroidManifest.xml:22:18-91
29        android:hardwareAccelerated="false"
29-->src\main\AndroidManifest.xml:24:9-44
30        android:icon="@drawable/ic_launcher"
30-->src\main\AndroidManifest.xml:25:9-45
31        android:label="@string/app_name"
31-->src\main\AndroidManifest.xml:26:9-41
32        android:largeHeap="true"
32-->src\main\AndroidManifest.xml:27:9-33
33        android:theme="@style/AppTheme" >
33-->src\main\AndroidManifest.xml:28:9-40
34        <activity
34-->src\main\AndroidManifest.xml:29:9-38:20
35            android:name="br.inf.commerce.multimobilegpa.android.SplashActivity"
35-->src\main\AndroidManifest.xml:30:13-81
36            android:label="@string/app_name"
36-->src\main\AndroidManifest.xml:31:13-45
37            android:screenOrientation="portrait" >
37-->src\main\AndroidManifest.xml:32:13-49
38            <intent-filter>
38-->src\main\AndroidManifest.xml:33:13-37:29
39                <action android:name="android.intent.action.MAIN" />
39-->src\main\AndroidManifest.xml:34:17-69
39-->src\main\AndroidManifest.xml:34:25-66
40
41                <category android:name="android.intent.category.LAUNCHER" />
41-->src\main\AndroidManifest.xml:36:17-77
41-->src\main\AndroidManifest.xml:36:27-74
42            </intent-filter>
43        </activity>
44        <activity
44-->src\main\AndroidManifest.xml:39:9-43:80
45            android:name="br.inf.commerce.multimobilegpa.android.LoginActivity"
45-->src\main\AndroidManifest.xml:40:13-80
46            android:label="@string/title_activity_login"
46-->src\main\AndroidManifest.xml:41:13-57
47            android:screenOrientation="portrait"
47-->src\main\AndroidManifest.xml:42:13-49
48            android:windowSoftInputMode="adjustResize|stateVisible" />
48-->src\main\AndroidManifest.xml:43:13-68
49        <activity
49-->src\main\AndroidManifest.xml:44:9-47:61
50            android:name="br.inf.commerce.multimobilegpa.android.PrincipalActivity"
50-->src\main\AndroidManifest.xml:45:13-84
51            android:label="@string/title_activity_principal"
51-->src\main\AndroidManifest.xml:46:13-61
52            android:screenOrientation="portrait" />
52-->src\main\AndroidManifest.xml:47:13-49
53        <activity
53-->src\main\AndroidManifest.xml:48:9-51:61
54            android:name="br.inf.commerce.multimobilegpa.android.VisualizarCargaFilaActivity"
54-->src\main\AndroidManifest.xml:49:13-94
55            android:label="@string/title_activity_carga_fila"
55-->src\main\AndroidManifest.xml:50:13-62
56            android:screenOrientation="portrait" />
56-->src\main\AndroidManifest.xml:51:13-49
57        <activity
57-->src\main\AndroidManifest.xml:52:9-55:61
58            android:name="br.inf.commerce.multimobilegpa.android.VisualizarNotificacaoOnlineActivity"
58-->src\main\AndroidManifest.xml:53:13-102
59            android:label="@string/title_activity_notificacao_online_fila"
59-->src\main\AndroidManifest.xml:54:13-75
60            android:screenOrientation="portrait" />
60-->src\main\AndroidManifest.xml:55:13-49
61        <activity
61-->src\main\AndroidManifest.xml:56:9-59:61
62            android:name="br.inf.commerce.multimobilegpa.android.VisualizarDadosCargaOnlineActivity"
62-->src\main\AndroidManifest.xml:57:13-101
63            android:label="@string/title_activity_dados_carga_online_fila"
63-->src\main\AndroidManifest.xml:58:13-75
64            android:screenOrientation="portrait" />
64-->src\main\AndroidManifest.xml:59:13-49
65        <activity
65-->src\main\AndroidManifest.xml:60:9-63:61
66            android:name="br.inf.commerce.multimobilegpa.android.SettingsActivity"
66-->src\main\AndroidManifest.xml:61:13-83
67            android:label="@string/title_activity_settings"
67-->src\main\AndroidManifest.xml:62:13-60
68            android:screenOrientation="portrait" />
68-->src\main\AndroidManifest.xml:63:13-49
69        <activity
69-->src\main\AndroidManifest.xml:64:9-67:61
70            android:name="br.inf.commerce.multimobilegpa.android.VisualizarOcorrenciaGlogOnlineActivity"
70-->src\main\AndroidManifest.xml:65:13-105
71            android:label="@string/title_activity_lista_ocorrencia_glog_online_fila"
71-->src\main\AndroidManifest.xml:66:13-85
72            android:screenOrientation="portrait" />
72-->src\main\AndroidManifest.xml:67:13-49
73        <activity
73-->src\main\AndroidManifest.xml:68:9-71:61
74            android:name="br.inf.commerce.multimobilegpa.android.OcorrenciaGlogActivity"
74-->src\main\AndroidManifest.xml:69:13-89
75            android:label="@string/title_activity_ocorrencia_glog_fila"
75-->src\main\AndroidManifest.xml:70:13-72
76            android:screenOrientation="portrait" />
76-->src\main\AndroidManifest.xml:71:13-49
77
78        <service
78-->src\main\AndroidManifest.xml:73:9-80:19
79            android:name="br.inf.commerce.multimobilegpa.android.SignalRService"
79-->src\main\AndroidManifest.xml:74:13-43
80            android:exported="false" >
80-->src\main\AndroidManifest.xml:75:13-37
81            <intent-filter>
81-->src\main\AndroidManifest.xml:76:13-79:29
82                <category android:name="android.intent.category.DEFAULT" />
82-->src\main\AndroidManifest.xml:77:17-76
82-->src\main\AndroidManifest.xml:77:27-73
83
84                <action android:name="SERVICO_CONEXAO_MOBILEGPA" />
84-->src\main\AndroidManifest.xml:78:17-68
84-->src\main\AndroidManifest.xml:78:25-65
85            </intent-filter>
86        </service>
87        <service android:name="br.inf.commerce.multimobilegpa.android.SignalRNotificationService" />
87-->src\main\AndroidManifest.xml:81:9-71
87-->src\main\AndroidManifest.xml:81:18-60
88
89        <receiver android:name="br.inf.commerce.multimobilegpa.android.SignalRReceiver" >
89-->src\main\AndroidManifest.xml:83:9-90:20
89-->src\main\AndroidManifest.xml:83:19-50
90            <intent-filter>
90-->src\main\AndroidManifest.xml:84:13-89:29
91                <action android:name="android.intent.action.BOOT_COMPLETED" />
91-->src\main\AndroidManifest.xml:85:17-79
91-->src\main\AndroidManifest.xml:85:25-76
92                <action android:name="android.net.conn.CONNECTIVITY_CHANGE" />
92-->src\main\AndroidManifest.xml:86:17-79
92-->src\main\AndroidManifest.xml:86:25-76
93
94                <category android:name="android.intent.category.HOME" />
94-->src\main\AndroidManifest.xml:88:17-73
94-->src\main\AndroidManifest.xml:88:27-70
95            </intent-filter>
96        </receiver>
97    </application>
98
99</manifest>